TN:
SF:src/managers/entities/classroom/Classroom.manager.ts
FN:9,(anonymous_1)
FN:24,(anonymous_2)
FN:39,(anonymous_3)
FN:88,(anonymous_4)
FN:125,(anonymous_5)
FN:161,(anonymous_6)
FN:213,(anonymous_7)
FNF:7
FNH:7
FNDA:21,(anonymous_1)
FNDA:12,(anonymous_2)
FNDA:12,(anonymous_3)
FNDA:8,(anonymous_4)
FNDA:5,(anonymous_5)
FNDA:5,(anonymous_6)
FNDA:5,(anonymous_7)
DA:1,5
DA:2,5
DA:4,5
DA:10,21
DA:11,21
DA:28,12
DA:29,6
DA:31,6
DA:54,12
DA:55,12
DA:56,2
DA:62,10
DA:64,10
DA:66,10
DA:67,10
DA:70,9
DA:71,9
DA:75,9
DA:80,9
DA:97,8
DA:98,8
DA:100,6
DA:101,6
DA:106,5
DA:108,5
DA:112,1
DA:117,4
DA:134,5
DA:135,5
DA:136,5
DA:138,5
DA:139,5
DA:140,2
DA:141,3
DA:142,2
DA:145,5
DA:153,5
DA:176,5
DA:178,3
DA:179,3
DA:182,3
DA:186,1
DA:191,2
DA:192,2
DA:193,2
DA:194,2
DA:196,2
DA:198,2
DA:199,2
DA:202,2
DA:205,2
DA:222,5
DA:224,4
DA:225,4
DA:228,3
DA:232,1
DA:237,2
DA:238,2
LF:58
LH:58
BRDA:28,0,0,6
BRDA:28,0,1,6
BRDA:29,1,0,6
BRDA:29,1,1,2
BRDA:31,2,0,6
BRDA:31,2,1,0
BRDA:55,3,0,2
BRDA:55,3,1,10
BRDA:64,4,0,10
BRDA:64,4,1,0
BRDA:67,5,0,1
BRDA:67,5,1,9
BRDA:71,6,0,0
BRDA:71,6,1,9
BRDA:98,7,0,2
BRDA:98,7,1,6
BRDA:101,8,0,1
BRDA:101,8,1,5
BRDA:106,9,0,5
BRDA:106,9,1,3
BRDA:108,10,0,1
BRDA:108,10,1,4
BRDA:109,11,0,5
BRDA:109,11,1,3
BRDA:134,12,0,5
BRDA:134,12,1,4
BRDA:135,13,0,5
BRDA:135,13,1,4
BRDA:139,14,0,2
BRDA:139,14,1,3
BRDA:141,15,0,2
BRDA:141,15,1,1
BRDA:176,16,0,2
BRDA:176,16,1,3
BRDA:179,17,0,0
BRDA:179,17,1,3
BRDA:182,18,0,1
BRDA:182,18,1,2
BRDA:183,19,0,3
BRDA:183,19,1,2
BRDA:192,20,0,2
BRDA:192,20,1,0
BRDA:193,21,0,1
BRDA:193,21,1,1
BRDA:194,22,0,0
BRDA:194,22,1,2
BRDA:196,23,0,2
BRDA:196,23,1,0
BRDA:199,24,0,0
BRDA:199,24,1,2
BRDA:222,25,0,1
BRDA:222,25,1,4
BRDA:225,26,0,1
BRDA:225,26,1,3
BRDA:228,27,0,1
BRDA:228,27,1,2
BRDA:229,28,0,3
BRDA:229,28,1,2
BRF:58
BRH:50
end_of_record
TN:
SF:src/managers/entities/school/School.manager.ts
FN:8,(anonymous_1)
FN:24,(anonymous_2)
FN:64,(anonymous_3)
FN:87,(anonymous_4)
FN:113,(anonymous_5)
FN:158,(anonymous_6)
FN:176,(anonymous_7)
FNF:7
FNH:7
FNDA:18,(anonymous_1)
FNDA:11,(anonymous_2)
FNDA:6,(anonymous_3)
FNDA:3,(anonymous_4)
FNDA:5,(anonymous_5)
FNDA:5,(anonymous_6)
FNDA:7,(anonymous_7)
DA:1,5
DA:3,5
DA:9,18
DA:10,18
DA:41,11
DA:44,11
DA:45,11
DA:46,11
DA:50,10
DA:51,10
DA:52,2
DA:55,8
DA:56,8
DA:73,6
DA:74,6
DA:76,4
DA:77,4
DA:79,2
DA:96,3
DA:97,3
DA:98,3
DA:100,3
DA:105,3
DA:132,5
DA:134,3
DA:135,3
DA:136,3
DA:137,3
DA:138,3
DA:139,3
DA:142,3
DA:143,3
DA:144,3
DA:147,3
DA:148,3
DA:150,2
DA:167,5
DA:170,4
DA:171,4
DA:173,2
DA:177,7
LF:41
LH:41
BRDA:44,0,0,11
BRDA:44,0,1,0
BRDA:46,1,0,1
BRDA:46,1,1,10
BRDA:51,2,0,2
BRDA:51,2,1,8
BRDA:74,3,0,2
BRDA:74,3,1,4
BRDA:77,4,0,2
BRDA:77,4,1,2
BRDA:96,5,0,3
BRDA:96,5,1,1
BRDA:97,6,0,3
BRDA:97,6,1,1
BRDA:132,7,0,2
BRDA:132,7,1,3
BRDA:135,8,0,3
BRDA:135,8,1,0
BRDA:136,9,0,0
BRDA:136,9,1,3
BRDA:137,10,0,1
BRDA:137,10,1,2
BRDA:138,11,0,0
BRDA:138,11,1,3
BRDA:139,12,0,0
BRDA:139,12,1,3
BRDA:142,13,0,3
BRDA:142,13,1,0
BRDA:144,14,0,0
BRDA:144,14,1,3
BRDA:148,15,0,1
BRDA:148,15,1,2
BRDA:167,16,0,1
BRDA:167,16,1,4
BRDA:171,17,0,2
BRDA:171,17,1,2
BRF:36
BRH:29
end_of_record
TN:
SF:src/managers/entities/student/Student.manager.ts
FN:9,(anonymous_1)
FN:21,(anonymous_2)
FN:33,(anonymous_3)
FN:90,(anonymous_4)
FN:123,(anonymous_5)
FN:164,(anonymous_6)
FN:217,(anonymous_7)
FN:248,(anonymous_8)
FNF:8
FNH:8
FNDA:27,(anonymous_1)
FNDA:15,(anonymous_2)
FNDA:15,(anonymous_3)
FNDA:7,(anonymous_4)
FNDA:6,(anonymous_5)
FNDA:5,(anonymous_6)
FNDA:5,(anonymous_7)
FNDA:10,(anonymous_8)
DA:1,5
DA:2,5
DA:4,5
DA:10,27
DA:11,27
DA:22,15
DA:23,5
DA:25,10
DA:52,15
DA:53,15
DA:54,2
DA:57,13
DA:59,13
DA:60,13
DA:61,13
DA:65,12
DA:66,3
DA:67,3
DA:68,1
DA:72,11
DA:82,11
DA:99,7
DA:100,7
DA:102,5
DA:105,5
DA:110,4
DA:111,4
DA:112,1
DA:115,3
DA:132,6
DA:133,6
DA:134,6
DA:136,6
DA:137,6
DA:138,4
DA:139,2
DA:140,1
DA:143,6
DA:144,2
DA:147,6
DA:156,6
DA:183,5
DA:185,3
DA:186,3
DA:189,3
DA:193,1
DA:196,2
DA:197,2
DA:198,2
DA:199,2
DA:200,2
DA:201,2
DA:203,2
DA:204,2
DA:205,2
DA:208,2
DA:209,2
DA:226,5
DA:228,5
DA:229,5
DA:232,4
DA:236,2
DA:239,2
DA:240,2
DA:261,10
DA:262,9
DA:263,2
DA:266,7
DA:267,7
DA:270,6
DA:271,4
DA:272,1
DA:274,3
DA:275,1
DA:279,4
DA:280,4
DA:281,4
DA:283,4
DA:284,4
DA:285,4
DA:286,1
DA:288,3
DA:291,3
DA:295,3
LF:84
LH:84
BRDA:22,0,0,5
BRDA:22,0,1,10
BRDA:23,1,0,5
BRDA:23,1,1,2
BRDA:25,2,0,10
BRDA:25,2,1,0
BRDA:53,3,0,2
BRDA:53,3,1,13
BRDA:59,4,0,13
BRDA:59,4,1,0
BRDA:61,5,0,1
BRDA:61,5,1,12
BRDA:65,6,0,3
BRDA:65,6,1,9
BRDA:67,7,0,1
BRDA:67,7,1,2
BRDA:67,8,0,3
BRDA:67,8,1,3
BRDA:76,9,0,1
BRDA:76,9,1,10
BRDA:78,10,0,11
BRDA:78,10,1,9
BRDA:100,11,0,2
BRDA:100,11,1,5
BRDA:105,12,0,1
BRDA:105,12,1,4
BRDA:110,13,0,4
BRDA:110,13,1,2
BRDA:111,14,0,1
BRDA:111,14,1,3
BRDA:111,15,0,4
BRDA:111,15,1,2
BRDA:132,16,0,6
BRDA:132,16,1,5
BRDA:133,17,0,6
BRDA:133,17,1,5
BRDA:137,18,0,4
BRDA:137,18,1,2
BRDA:139,19,0,1
BRDA:139,19,1,1
BRDA:143,20,0,2
BRDA:143,20,1,4
BRDA:183,21,0,2
BRDA:183,21,1,3
BRDA:186,22,0,0
BRDA:186,22,1,3
BRDA:189,23,0,1
BRDA:189,23,1,2
BRDA:190,24,0,3
BRDA:190,24,1,2
BRDA:197,25,0,2
BRDA:197,25,1,0
BRDA:198,26,0,0
BRDA:198,26,1,2
BRDA:199,27,0,1
BRDA:199,27,1,1
BRDA:200,28,0,0
BRDA:200,28,1,2
BRDA:201,29,0,0
BRDA:201,29,1,2
BRDA:203,30,0,2
BRDA:203,30,1,0
BRDA:205,31,0,0
BRDA:205,31,1,2
BRDA:226,32,0,0
BRDA:226,32,1,5
BRDA:229,33,0,1
BRDA:229,33,1,4
BRDA:232,34,0,2
BRDA:232,34,1,2
BRDA:233,35,0,4
BRDA:233,35,1,3
BRDA:261,36,0,1
BRDA:261,36,1,9
BRDA:262,37,0,2
BRDA:262,37,1,7
BRDA:262,38,0,9
BRDA:262,38,1,5
BRDA:267,39,0,1
BRDA:267,39,1,6
BRDA:270,40,0,4
BRDA:270,40,1,2
BRDA:271,41,0,1
BRDA:271,41,1,3
BRDA:274,42,0,1
BRDA:274,42,1,2
BRDA:274,43,0,3
BRDA:274,43,1,1
BRDA:280,44,0,2
BRDA:280,44,1,2
BRDA:281,45,0,4
BRDA:281,45,1,0
BRDA:283,46,0,4
BRDA:283,46,1,2
BRDA:285,47,0,1
BRDA:285,47,1,3
BRDA:285,48,0,4
BRDA:285,48,1,4
BRF:98
BRH:87
end_of_record
TN:
SF:src/managers/entities/user/User.manager.ts
FN:12,(anonymous_1)
FN:24,(anonymous_2)
FN:88,(anonymous_3)
FNF:3
FNH:3
FNDA:14,(anonymous_1)
FNDA:16,(anonymous_2)
FNDA:7,(anonymous_3)
DA:1,5
DA:2,5
DA:4,5
DA:14,14
DA:16,14
DA:17,14
DA:35,16
DA:38,16
DA:39,16
DA:40,16
DA:44,15
DA:47,15
DA:50,15
DA:51,2
DA:55,13
DA:56,13
DA:59,13
DA:67,13
DA:73,13
DA:89,7
DA:92,7
DA:93,7
DA:94,7
DA:98,6
DA:99,6
DA:100,2
DA:104,4
DA:105,4
DA:106,2
DA:110,2
DA:116,2
LF:31
LH:31
BRDA:38,0,0,16
BRDA:38,0,1,0
BRDA:40,1,0,1
BRDA:40,1,1,15
BRDA:44,2,0,8
BRDA:44,2,1,7
BRDA:44,3,0,15
BRDA:44,3,1,9
BRDA:50,4,0,2
BRDA:50,4,1,13
BRDA:92,5,0,7
BRDA:92,5,1,0
BRDA:94,6,0,1
BRDA:94,6,1,6
BRDA:99,7,0,2
BRDA:99,7,1,4
BRDA:105,8,0,2
BRDA:105,8,1,2
BRF:18
BRH:16
end_of_record
TN:
SF:src/managers/token/Token.manager.ts
FN:18,(anonymous_1)
FN:24,(anonymous_2)
FN:42,(anonymous_3)
FN:64,(anonymous_4)
FN:74,(anonymous_5)
FN:78,(anonymous_6)
FNF:6
FNH:4
FNDA:4,(anonymous_1)
FNDA:10,(anonymous_2)
FNDA:0,(anonymous_3)
FNDA:65,(anonymous_4)
FNDA:65,(anonymous_5)
FNDA:0,(anonymous_6)
DA:1,4
DA:2,4
DA:13,4
DA:19,4
DA:20,4
DA:21,4
DA:35,10
DA:57,0
DA:65,65
DA:66,65
DA:67,65
DA:69,1
DA:71,65
DA:75,65
DA:79,0
LF:15
LH:13
BRF:0
BRH:0
end_of_record
